{"D:\\PROJECTS\\MERN\\Vehicle_Sales_Management_System\\9\\backend\\src\\index.ts": {"path":"D:\\PROJECTS\\MERN\\Vehicle_Sales_Management_System\\9\\backend\\src\\index.ts","statementMap":{"0":{"start":{"line":1,"column":0},"end":{"line":1,"column":30}},"1":{"start":{"line":2,"column":0},"end":{"line":2,"column":28}},"2":{"start":{"line":3,"column":0},"end":{"line":3,"column":53}},"3":{"start":{"line":4,"column":0},"end":{"line":4,"column":39}},"4":{"start":{"line":5,"column":0},"end":{"line":5,"column":46}},"5":{"start":{"line":6,"column":0},"end":{"line":6,"column":49}},"6":{"start":{"line":7,"column":0},"end":{"line":7,"column":24}},"7":{"start":{"line":8,"column":0},"end":{"line":8,"column":24}},"8":{"start":{"line":9,"column":0},"end":{"line":9,"column":16}},"9":{"start":{"line":11,"column":12},"end":{"line":11,"column":21}},"10":{"start":{"line":13,"column":0},"end":{"line":16,"column":4}},"11":{"start":{"line":18,"column":0},"end":{"line":18,"column":24}},"12":{"start":{"line":20,"column":0},"end":{"line":20,"column":48}},"13":{"start":{"line":23,"column":0},"end":{"line":23,"column":72}},"14":{"start":{"line":26,"column":0},"end":{"line":26,"column":33}},"15":{"start":{"line":27,"column":0},"end":{"line":27,"column":40}},"16":{"start":{"line":28,"column":0},"end":{"line":28,"column":43}},"17":{"start":{"line":31,"column":13},"end":{"line":31,"column":37}},"18":{"start":{"line":33,"column":0},"end":{"line":41,"column":5}},"19":{"start":{"line":35,"column":4},"end":{"line":37,"column":7}},"20":{"start":{"line":36,"column":6},"end":{"line":36,"column":52}},"21":{"start":{"line":40,"column":4},"end":{"line":40,"column":67}}},"fnMap":{"0":{"name":"(anonymous_1)","decl":{"start":{"line":34,"column":8},"end":{"line":34,"column":13}},"loc":{"start":{"line":34,"column":19},"end":{"line":38,"column":3}}},"1":{"name":"(anonymous_2)","decl":{"start":{"line":35,"column":21},"end":{"line":35,"column":24}},"loc":{"start":{"line":35,"column":26},"end":{"line":37,"column":5}}},"2":{"name":"(anonymous_3)","decl":{"start":{"line":39,"column":9},"end":{"line":39,"column":10}},"loc":{"start":{"line":39,"column":17},"end":{"line":41,"column":3}}}},"branchMap":{"0":{"loc":{"start":{"line":31,"column":13},"end":{"line":31,"column":37}},"type":"binary-expr","locations":[{"start":{"line":31,"column":13},"end":{"line":31,"column":29}},{"start":{"line":31,"column":33},"end":{"line":31,"column":37}}]}},"s":{"0":0,"1":0,"2":0,"3":0,"4":0,"5":0,"6":0,"7":0,"8":0,"9":0,"10":0,"11":0,"12":0,"13":0,"14":0,"15":0,"16":0,"17":0,"18":0,"19":0,"20":0,"21":0},"f":{"0":0,"1":0,"2":0},"b":{"0":[0,0]}}
,"D:\\PROJECTS\\MERN\\Vehicle_Sales_Management_System\\9\\backend\\src\\config\\data-source.ts": {"path":"D:\\PROJECTS\\MERN\\Vehicle_Sales_Management_System\\9\\backend\\src\\config\\data-source.ts","statementMap":{"0":{"start":{"line":1,"column":0},"end":{"line":1,"column":26}},"1":{"start":{"line":2,"column":0},"end":{"line":2,"column":37}},"2":{"start":{"line":3,"column":0},"end":{"line":3,"column":40}},"3":{"start":{"line":4,"column":0},"end":{"line":4,"column":46}},"4":{"start":{"line":5,"column":0},"end":{"line":5,"column":28}},"5":{"start":{"line":6,"column":0},"end":{"line":6,"column":16}},"6":{"start":{"line":8,"column":13},"end":{"line":18,"column":3}}},"fnMap":{},"branchMap":{"0":{"loc":{"start":{"line":10,"column":8},"end":{"line":10,"column":42}},"type":"binary-expr","locations":[{"start":{"line":10,"column":8},"end":{"line":10,"column":27}},{"start":{"line":10,"column":31},"end":{"line":10,"column":42}}]},"1":{"loc":{"start":{"line":11,"column":10},"end":{"line":11,"column":37}},"type":"binary-expr","locations":[{"start":{"line":11,"column":10},"end":{"line":11,"column":29}},{"start":{"line":11,"column":33},"end":{"line":11,"column":37}}]},"2":{"loc":{"start":{"line":12,"column":12},"end":{"line":12,"column":41}},"type":"binary-expr","locations":[{"start":{"line":12,"column":12},"end":{"line":12,"column":31}},{"start":{"line":12,"column":35},"end":{"line":12,"column":41}}]},"3":{"loc":{"start":{"line":13,"column":12},"end":{"line":13,"column":41}},"type":"binary-expr","locations":[{"start":{"line":13,"column":12},"end":{"line":13,"column":35}},{"start":{"line":13,"column":39},"end":{"line":13,"column":41}}]},"4":{"loc":{"start":{"line":14,"column":12},"end":{"line":14,"column":50}},"type":"binary-expr","locations":[{"start":{"line":14,"column":12},"end":{"line":14,"column":31}},{"start":{"line":14,"column":35},"end":{"line":14,"column":50}}]}},"s":{"0":0,"1":0,"2":0,"3":0,"4":0,"5":0,"6":0},"f":{},"b":{"0":[0,0],"1":[0,0],"2":[0,0],"3":[0,0],"4":[0,0]}}
,"D:\\PROJECTS\\MERN\\Vehicle_Sales_Management_System\\9\\backend\\src\\controllers\\analyticsController.ts": {"path":"D:\\PROJECTS\\MERN\\Vehicle_Sales_Management_System\\9\\backend\\src\\controllers\\analyticsController.ts","statementMap":{"0":{"start":{"line":2,"column":0},"end":{"line":2,"column":54}},"1":{"start":{"line":3,"column":0},"end":{"line":3,"column":46}},"2":{"start":{"line":5,"column":20},"end":{"line":5,"column":62}},"3":{"start":{"line":5,"column":26},"end":{"line":5,"column":62}},"4":{"start":{"line":8,"column":29},"end":{"line":37,"column":1}},"5":{"start":{"line":9,"column":2},"end":{"line":36,"column":3}},"6":{"start":{"line":10,"column":23},"end":{"line":10,"column":32}},"7":{"start":{"line":13,"column":4},"end":{"line":22,"column":5}},"8":{"start":{"line":15,"column":8},"end":{"line":15,"column":38}},"9":{"start":{"line":16,"column":8},"end":{"line":16,"column":14}},"10":{"start":{"line":18,"column":8},"end":{"line":18,"column":39}},"11":{"start":{"line":19,"column":8},"end":{"line":19,"column":14}},"12":{"start":{"line":21,"column":8},"end":{"line":21,"column":38}},"13":{"start":{"line":24,"column":17},"end":{"line":30,"column":19}},"14":{"start":{"line":32,"column":4},"end":{"line":32,"column":19}},"15":{"start":{"line":34,"column":4},"end":{"line":34,"column":23}},"16":{"start":{"line":35,"column":4},"end":{"line":35,"column":54}},"17":{"start":{"line":8,"column":13},"end":{"line":8,"column":29}},"18":{"start":{"line":40,"column":28},"end":{"line":55,"column":1}},"19":{"start":{"line":41,"column":2},"end":{"line":54,"column":3}},"20":{"start":{"line":42,"column":17},"end":{"line":48,"column":19}},"21":{"start":{"line":50,"column":4},"end":{"line":50,"column":19}},"22":{"start":{"line":52,"column":4},"end":{"line":52,"column":23}},"23":{"start":{"line":53,"column":4},"end":{"line":53,"column":54}},"24":{"start":{"line":40,"column":13},"end":{"line":40,"column":28}},"25":{"start":{"line":58,"column":27},"end":{"line":73,"column":1}},"26":{"start":{"line":59,"column":2},"end":{"line":72,"column":3}},"27":{"start":{"line":60,"column":17},"end":{"line":66,"column":19}},"28":{"start":{"line":68,"column":4},"end":{"line":68,"column":19}},"29":{"start":{"line":70,"column":4},"end":{"line":70,"column":23}},"30":{"start":{"line":71,"column":4},"end":{"line":71,"column":54}},"31":{"start":{"line":58,"column":13},"end":{"line":58,"column":27}},"32":{"start":{"line":76,"column":33},"end":{"line":105,"column":1}},"33":{"start":{"line":77,"column":2},"end":{"line":104,"column":3}},"34":{"start":{"line":78,"column":19},"end":{"line":85,"column":6}},"35":{"start":{"line":87,"column":17},"end":{"line":87,"column":30}},"36":{"start":{"line":88,"column":55},"end":{"line":88,"column":57}},"37":{"start":{"line":90,"column":4},"end":{"line":98,"column":5}},"38":{"start":{"line":91,"column":20},"end":{"line":95,"column":19}},"39":{"start":{"line":97,"column":6},"end":{"line":97,"column":45}},"40":{"start":{"line":100,"column":4},"end":{"line":100,"column":21}},"41":{"start":{"line":102,"column":4},"end":{"line":102,"column":23}},"42":{"start":{"line":103,"column":4},"end":{"line":103,"column":54}},"43":{"start":{"line":76,"column":13},"end":{"line":76,"column":33}}},"fnMap":{"0":{"name":"(anonymous_0)","decl":{"start":{"line":5,"column":20},"end":{"line":5,"column":23}},"loc":{"start":{"line":5,"column":26},"end":{"line":5,"column":62}}},"1":{"name":"(anonymous_1)","decl":{"start":{"line":8,"column":29},"end":{"line":8,"column":34}},"loc":{"start":{"line":8,"column":67},"end":{"line":37,"column":1}}},"2":{"name":"(anonymous_2)","decl":{"start":{"line":40,"column":28},"end":{"line":40,"column":33}},"loc":{"start":{"line":40,"column":66},"end":{"line":55,"column":1}}},"3":{"name":"(anonymous_3)","decl":{"start":{"line":58,"column":27},"end":{"line":58,"column":32}},"loc":{"start":{"line":58,"column":65},"end":{"line":73,"column":1}}},"4":{"name":"(anonymous_4)","decl":{"start":{"line":76,"column":33},"end":{"line":76,"column":38}},"loc":{"start":{"line":76,"column":71},"end":{"line":105,"column":1}}}},"branchMap":{"0":{"loc":{"start":{"line":13,"column":4},"end":{"line":22,"column":5}},"type":"switch","locations":[{"start":{"line":14,"column":6},"end":{"line":16,"column":14}},{"start":{"line":17,"column":6},"end":{"line":19,"column":14}},{"start":{"line":20,"column":6},"end":{"line":21,"column":38}}]},"1":{"loc":{"start":{"line":94,"column":18},"end":{"line":94,"column":64}},"type":"cond-expr","locations":[{"start":{"line":94,"column":39},"end":{"line":94,"column":56}},{"start":{"line":94,"column":59},"end":{"line":94,"column":64}}]}},"s":{"0":0,"1":0,"2":0,"3":0,"4":0,"5":0,"6":0,"7":0,"8":0,"9":0,"10":0,"11":0,"12":0,"13":0,"14":0,"15":0,"16":0,"17":0,"18":0,"19":0,"20":0,"21":0,"22":0,"23":0,"24":0,"25":0,"26":0,"27":0,"28":0,"29":0,"30":0,"31":0,"32":0,"33":0,"34":0,"35":0,"36":0,"37":0,"38":0,"39":0,"40":0,"41":0,"42":0,"43":0},"f":{"0":0,"1":0,"2":0,"3":0,"4":0},"b":{"0":[0,0,0],"1":[0,0]}}
,"D:\\PROJECTS\\MERN\\Vehicle_Sales_Management_System\\9\\backend\\src\\controllers\\authController.ts": {"path":"D:\\PROJECTS\\MERN\\Vehicle_Sales_Management_System\\9\\backend\\src\\controllers\\authController.ts","statementMap":{"0":{"start":{"line":2,"column":0},"end":{"line":2,"column":54}},"1":{"start":{"line":3,"column":0},"end":{"line":3,"column":40}},"2":{"start":{"line":4,"column":0},"end":{"line":4,"column":30}},"3":{"start":{"line":5,"column":0},"end":{"line":5,"column":31}},"4":{"start":{"line":6,"column":0},"end":{"line":6,"column":28}},"5":{"start":{"line":7,"column":0},"end":{"line":7,"column":16}},"6":{"start":{"line":9,"column":17},"end":{"line":9,"column":56}},"7":{"start":{"line":9,"column":23},"end":{"line":9,"column":56}},"8":{"start":{"line":12,"column":21},"end":{"line":40,"column":1}},"9":{"start":{"line":13,"column":2},"end":{"line":39,"column":3}},"10":{"start":{"line":14,"column":35},"end":{"line":14,"column":43}},"11":{"start":{"line":16,"column":4},"end":{"line":18,"column":5}},"12":{"start":{"line":17,"column":6},"end":{"line":17,"column":65}},"13":{"start":{"line":20,"column":17},"end":{"line":20,"column":57}},"14":{"start":{"line":22,"column":4},"end":{"line":22,"column":79}},"15":{"start":{"line":22,"column":15},"end":{"line":22,"column":79}},"16":{"start":{"line":24,"column":18},"end":{"line":24,"column":63}},"17":{"start":{"line":26,"column":4},"end":{"line":26,"column":80}},"18":{"start":{"line":26,"column":16},"end":{"line":26,"column":80}},"19":{"start":{"line":28,"column":19},"end":{"line":28,"column":53}},"20":{"start":{"line":29,"column":18},"end":{"line":32,"column":null}},"21":{"start":{"line":35,"column":4},"end":{"line":35,"column":24}},"22":{"start":{"line":37,"column":4},"end":{"line":37,"column":39}},"23":{"start":{"line":38,"column":4},"end":{"line":38,"column":54}},"24":{"start":{"line":12,"column":13},"end":{"line":12,"column":21}}},"fnMap":{"0":{"name":"(anonymous_1)","decl":{"start":{"line":9,"column":17},"end":{"line":9,"column":20}},"loc":{"start":{"line":9,"column":23},"end":{"line":9,"column":56}}},"1":{"name":"(anonymous_2)","decl":{"start":{"line":12,"column":21},"end":{"line":12,"column":26}},"loc":{"start":{"line":12,"column":59},"end":{"line":40,"column":1}}}},"branchMap":{"0":{"loc":{"start":{"line":16,"column":4},"end":{"line":18,"column":5}},"type":"if","locations":[{"start":{"line":16,"column":4},"end":{"line":18,"column":5}},{"start":{},"end":{}}]},"1":{"loc":{"start":{"line":16,"column":8},"end":{"line":16,"column":30}},"type":"binary-expr","locations":[{"start":{"line":16,"column":8},"end":{"line":16,"column":17}},{"start":{"line":16,"column":21},"end":{"line":16,"column":30}}]},"2":{"loc":{"start":{"line":22,"column":4},"end":{"line":22,"column":79}},"type":"if","locations":[{"start":{"line":22,"column":4},"end":{"line":22,"column":79}},{"start":{},"end":{}}]},"3":{"loc":{"start":{"line":26,"column":4},"end":{"line":26,"column":80}},"type":"if","locations":[{"start":{"line":26,"column":4},"end":{"line":26,"column":80}},{"start":{},"end":{}}]},"4":{"loc":{"start":{"line":28,"column":19},"end":{"line":28,"column":53}},"type":"binary-expr","locations":[{"start":{"line":28,"column":19},"end":{"line":28,"column":41}},{"start":{"line":28,"column":45},"end":{"line":28,"column":53}}]}},"s":{"0":1,"1":1,"2":1,"3":1,"4":1,"5":1,"6":1,"7":6,"8":1,"9":9,"10":9,"11":9,"12":3,"13":6,"14":5,"15":1,"16":4,"17":3,"18":1,"19":2,"20":2,"21":2,"22":2,"23":2,"24":1},"f":{"0":6,"1":9},"b":{"0":[3,6],"1":[9,7],"2":[1,4],"3":[1,2],"4":[2,1]}}
,"D:\\PROJECTS\\MERN\\Vehicle_Sales_Management_System\\9\\backend\\src\\controllers\\vehicleController.ts": {"path":"D:\\PROJECTS\\MERN\\Vehicle_Sales_Management_System\\9\\backend\\src\\controllers\\vehicleController.ts","statementMap":{"0":{"start":{"line":2,"column":0},"end":{"line":2,"column":54}},"1":{"start":{"line":3,"column":0},"end":{"line":3,"column":46}},"2":{"start":{"line":4,"column":0},"end":{"line":4,"column":64}},"3":{"start":{"line":5,"column":0},"end":{"line":5,"column":93}},"4":{"start":{"line":8,"column":20},"end":{"line":8,"column":62}},"5":{"start":{"line":8,"column":26},"end":{"line":8,"column":62}},"6":{"start":{"line":12,"column":29},"end":{"line":43,"column":1}},"7":{"start":{"line":13,"column":2},"end":{"line":42,"column":3}},"8":{"start":{"line":14,"column":80},"end":{"line":14,"column":88}},"9":{"start":{"line":16,"column":27},"end":{"line":16,"column":29}},"10":{"start":{"line":17,"column":4},"end":{"line":17,"column":102}},"11":{"start":{"line":17,"column":19},"end":{"line":17,"column":102}},"12":{"start":{"line":17,"column":76},"end":{"line":17,"column":100}},"13":{"start":{"line":19,"column":15},"end":{"line":19,"column":26}},"14":{"start":{"line":20,"column":4},"end":{"line":22,"column":5}},"15":{"start":{"line":21,"column":6},"end":{"line":21,"column":121}},"16":{"start":{"line":24,"column":17},"end":{"line":24,"column":30}},"17":{"start":{"line":25,"column":20},"end":{"line":35,"column":6}},"18":{"start":{"line":37,"column":4},"end":{"line":37,"column":29}},"19":{"start":{"line":38,"column":4},"end":{"line":38,"column":34}},"20":{"start":{"line":40,"column":4},"end":{"line":40,"column":23}},"21":{"start":{"line":41,"column":4},"end":{"line":41,"column":54}},"22":{"start":{"line":12,"column":13},"end":{"line":12,"column":29}},"23":{"start":{"line":47,"column":27},"end":{"line":68,"column":1}},"24":{"start":{"line":48,"column":2},"end":{"line":67,"column":3}},"25":{"start":{"line":49,"column":61},"end":{"line":49,"column":70}},"26":{"start":{"line":51,"column":15},"end":{"line":51,"column":75}},"27":{"start":{"line":53,"column":4},"end":{"line":53,"column":58}},"28":{"start":{"line":53,"column":15},"end":{"line":53,"column":58}},"29":{"start":{"line":54,"column":4},"end":{"line":54,"column":58}},"30":{"start":{"line":54,"column":15},"end":{"line":54,"column":58}},"31":{"start":{"line":55,"column":4},"end":{"line":55,"column":54}},"32":{"start":{"line":55,"column":14},"end":{"line":55,"column":54}},"33":{"start":{"line":56,"column":4},"end":{"line":56,"column":68}},"34":{"start":{"line":56,"column":14},"end":{"line":56,"column":68}},"35":{"start":{"line":57,"column":4},"end":{"line":57,"column":86}},"36":{"start":{"line":57,"column":18},"end":{"line":57,"column":86}},"37":{"start":{"line":58,"column":4},"end":{"line":58,"column":86}},"38":{"start":{"line":58,"column":18},"end":{"line":58,"column":86}},"39":{"start":{"line":60,"column":4},"end":{"line":60,"column":38}},"40":{"start":{"line":62,"column":18},"end":{"line":62,"column":36}},"41":{"start":{"line":63,"column":4},"end":{"line":63,"column":51}},"42":{"start":{"line":65,"column":4},"end":{"line":65,"column":23}},"43":{"start":{"line":66,"column":4},"end":{"line":66,"column":54}},"44":{"start":{"line":47,"column":13},"end":{"line":47,"column":27}},"45":{"start":{"line":72,"column":30},"end":{"line":83,"column":1}},"46":{"start":{"line":73,"column":2},"end":{"line":82,"column":3}},"47":{"start":{"line":74,"column":15},"end":{"line":74,"column":36}},"48":{"start":{"line":75,"column":17},"end":{"line":75,"column":30}},"49":{"start":{"line":76,"column":14},"end":{"line":76,"column":42}},"50":{"start":{"line":77,"column":4},"end":{"line":77,"column":66}},"51":{"start":{"line":77,"column":12},"end":{"line":77,"column":66}},"52":{"start":{"line":78,"column":4},"end":{"line":78,"column":16}},"53":{"start":{"line":80,"column":4},"end":{"line":80,"column":23}},"54":{"start":{"line":81,"column":4},"end":{"line":81,"column":54}},"55":{"start":{"line":72,"column":13},"end":{"line":72,"column":30}},"56":{"start":{"line":87,"column":29},"end":{"line":134,"column":1}},"57":{"start":{"line":88,"column":2},"end":{"line":133,"column":3}},"58":{"start":{"line":89,"column":15},"end":{"line":89,"column":36}},"59":{"start":{"line":90,"column":17},"end":{"line":90,"column":30}},"60":{"start":{"line":91,"column":21},"end":{"line":91,"column":49}},"61":{"start":{"line":92,"column":4},"end":{"line":92,"column":73}},"62":{"start":{"line":92,"column":19},"end":{"line":92,"column":73}},"63":{"start":{"line":94,"column":104},"end":{"line":94,"column":112}},"64":{"start":{"line":97,"column":34},"end":{"line":97,"column":36}},"65":{"start":{"line":98,"column":4},"end":{"line":100,"column":5}},"66":{"start":{"line":99,"column":6},"end":{"line":99,"column":45}},"67":{"start":{"line":101,"column":4},"end":{"line":104,"column":5}},"68":{"start":{"line":102,"column":24},"end":{"line":102,"column":94}},"69":{"start":{"line":102,"column":69},"end":{"line":102,"column":93}},"70":{"start":{"line":103,"column":6},"end":{"line":103,"column":54}},"71":{"start":{"line":105,"column":4},"end":{"line":105,"column":36}},"72":{"start":{"line":107,"column":4},"end":{"line":107,"column":42}},"73":{"start":{"line":108,"column":4},"end":{"line":108,"column":45}},"74":{"start":{"line":109,"column":4},"end":{"line":109,"column":45}},"75":{"start":{"line":110,"column":4},"end":{"line":110,"column":45}},"76":{"start":{"line":111,"column":4},"end":{"line":111,"column":60}},"77":{"start":{"line":112,"column":4},"end":{"line":112,"column":56}},"78":{"start":{"line":113,"column":4},"end":{"line":113,"column":60}},"79":{"start":{"line":115,"column":4},"end":{"line":126,"column":5}},"80":{"start":{"line":116,"column":6},"end":{"line":123,"column":9}},"81":{"start":{"line":124,"column":11},"end":{"line":126,"column":5}},"82":{"start":{"line":125,"column":6},"end":{"line":125,"column":41}},"83":{"start":{"line":128,"column":4},"end":{"line":128,"column":30}},"84":{"start":{"line":129,"column":4},"end":{"line":129,"column":23}},"85":{"start":{"line":131,"column":4},"end":{"line":131,"column":23}},"86":{"start":{"line":132,"column":4},"end":{"line":132,"column":54}},"87":{"start":{"line":87,"column":13},"end":{"line":87,"column":29}},"88":{"start":{"line":138,"column":29},"end":{"line":152,"column":1}},"89":{"start":{"line":139,"column":2},"end":{"line":149,"column":3}},"90":{"start":{"line":140,"column":15},"end":{"line":140,"column":36}},"91":{"start":{"line":141,"column":17},"end":{"line":141,"column":30}},"92":{"start":{"line":142,"column":14},"end":{"line":142,"column":42}},"93":{"start":{"line":143,"column":4},"end":{"line":143,"column":66}},"94":{"start":{"line":143,"column":12},"end":{"line":143,"column":66}},"95":{"start":{"line":144,"column":4},"end":{"line":144,"column":25}},"96":{"start":{"line":145,"column":4},"end":{"line":145,"column":37}},"97":{"start":{"line":147,"column":4},"end":{"line":147,"column":23}},"98":{"start":{"line":148,"column":4},"end":{"line":148,"column":54}},"99":{"start":{"line":138,"column":13},"end":{"line":138,"column":29}},"100":{"start":{"line":156,"column":42},"end":{"line":171,"column":1}},"101":{"start":{"line":157,"column":2},"end":{"line":170,"column":3}},"102":{"start":{"line":158,"column":60},"end":{"line":158,"column":68}},"103":{"start":{"line":160,"column":4},"end":{"line":162,"column":5}},"104":{"start":{"line":161,"column":6},"end":{"line":161,"column":79}},"105":{"start":{"line":164,"column":24},"end":{"line":164,"column":104}},"106":{"start":{"line":166,"column":4},"end":{"line":166,"column":30}},"107":{"start":{"line":168,"column":4},"end":{"line":168,"column":23}},"108":{"start":{"line":169,"column":4},"end":{"line":169,"column":72}},"109":{"start":{"line":156,"column":13},"end":{"line":156,"column":42}}},"fnMap":{"0":{"name":"(anonymous_0)","decl":{"start":{"line":8,"column":20},"end":{"line":8,"column":23}},"loc":{"start":{"line":8,"column":26},"end":{"line":8,"column":62}}},"1":{"name":"(anonymous_1)","decl":{"start":{"line":12,"column":29},"end":{"line":12,"column":34}},"loc":{"start":{"line":12,"column":63},"end":{"line":43,"column":1}}},"2":{"name":"(anonymous_2)","decl":{"start":{"line":17,"column":69},"end":{"line":17,"column":70}},"loc":{"start":{"line":17,"column":76},"end":{"line":17,"column":100}}},"3":{"name":"(anonymous_3)","decl":{"start":{"line":47,"column":27},"end":{"line":47,"column":32}},"loc":{"start":{"line":47,"column":65},"end":{"line":68,"column":1}}},"4":{"name":"(anonymous_4)","decl":{"start":{"line":72,"column":30},"end":{"line":72,"column":35}},"loc":{"start":{"line":72,"column":68},"end":{"line":83,"column":1}}},"5":{"name":"(anonymous_5)","decl":{"start":{"line":87,"column":29},"end":{"line":87,"column":34}},"loc":{"start":{"line":87,"column":63},"end":{"line":134,"column":1}}},"6":{"name":"(anonymous_6)","decl":{"start":{"line":102,"column":64},"end":{"line":102,"column":65}},"loc":{"start":{"line":102,"column":69},"end":{"line":102,"column":93}}},"7":{"name":"(anonymous_7)","decl":{"start":{"line":138,"column":29},"end":{"line":138,"column":34}},"loc":{"start":{"line":138,"column":67},"end":{"line":152,"column":1}}},"8":{"name":"(anonymous_8)","decl":{"start":{"line":156,"column":42},"end":{"line":156,"column":47}},"loc":{"start":{"line":156,"column":80},"end":{"line":171,"column":1}}}},"branchMap":{"0":{"loc":{"start":{"line":17,"column":4},"end":{"line":17,"column":102}},"type":"if","locations":[{"start":{"line":17,"column":4},"end":{"line":17,"column":102}},{"start":{},"end":{}}]},"1":{"loc":{"start":{"line":20,"column":4},"end":{"line":22,"column":5}},"type":"if","locations":[{"start":{"line":20,"column":4},"end":{"line":22,"column":5}},{"start":{},"end":{}}]},"2":{"loc":{"start":{"line":21,"column":61},"end":{"line":21,"column":92}},"type":"cond-expr","locations":[{"start":{"line":21,"column":68},"end":{"line":21,"column":80}},{"start":{"line":21,"column":83},"end":{"line":21,"column":92}}]},"3":{"loc":{"start":{"line":31,"column":12},"end":{"line":31,"column":43}},"type":"cond-expr","locations":[{"start":{"line":31,"column":19},"end":{"line":31,"column":31}},{"start":{"line":31,"column":34},"end":{"line":31,"column":43}}]},"4":{"loc":{"start":{"line":32,"column":13},"end":{"line":32,"column":38}},"type":"cond-expr","locations":[{"start":{"line":32,"column":21},"end":{"line":32,"column":34}},{"start":{"line":32,"column":37},"end":{"line":32,"column":38}}]},"5":{"loc":{"start":{"line":53,"column":4},"end":{"line":53,"column":58}},"type":"if","locations":[{"start":{"line":53,"column":4},"end":{"line":53,"column":58}},{"start":{},"end":{}}]},"6":{"loc":{"start":{"line":54,"column":4},"end":{"line":54,"column":58}},"type":"if","locations":[{"start":{"line":54,"column":4},"end":{"line":54,"column":58}},{"start":{},"end":{}}]},"7":{"loc":{"start":{"line":55,"column":4},"end":{"line":55,"column":54}},"type":"if","locations":[{"start":{"line":55,"column":4},"end":{"line":55,"column":54}},{"start":{},"end":{}}]},"8":{"loc":{"start":{"line":56,"column":4},"end":{"line":56,"column":68}},"type":"if","locations":[{"start":{"line":56,"column":4},"end":{"line":56,"column":68}},{"start":{},"end":{}}]},"9":{"loc":{"start":{"line":57,"column":4},"end":{"line":57,"column":86}},"type":"if","locations":[{"start":{"line":57,"column":4},"end":{"line":57,"column":86}},{"start":{},"end":{}}]},"10":{"loc":{"start":{"line":58,"column":4},"end":{"line":58,"column":86}},"type":"if","locations":[{"start":{"line":58,"column":4},"end":{"line":58,"column":86}},{"start":{},"end":{}}]},"11":{"loc":{"start":{"line":77,"column":4},"end":{"line":77,"column":66}},"type":"if","locations":[{"start":{"line":77,"column":4},"end":{"line":77,"column":66}},{"start":{},"end":{}}]},"12":{"loc":{"start":{"line":92,"column":4},"end":{"line":92,"column":73}},"type":"if","locations":[{"start":{"line":92,"column":4},"end":{"line":92,"column":73}},{"start":{},"end":{}}]},"13":{"loc":{"start":{"line":98,"column":4},"end":{"line":100,"column":5}},"type":"if","locations":[{"start":{"line":98,"column":4},"end":{"line":100,"column":5}},{"start":{},"end":{}}]},"14":{"loc":{"start":{"line":101,"column":4},"end":{"line":104,"column":5}},"type":"if","locations":[{"start":{"line":101,"column":4},"end":{"line":104,"column":5}},{"start":{},"end":{}}]},"15":{"loc":{"start":{"line":101,"column":8},"end":{"line":101,"column":68}},"type":"binary-expr","locations":[{"start":{"line":101,"column":8},"end":{"line":101,"column":17}},{"start":{"line":101,"column":22},"end":{"line":101,"column":68}}]},"16":{"loc":{"start":{"line":107,"column":20},"end":{"line":107,"column":41}},"type":"binary-expr","locations":[{"start":{"line":107,"column":20},"end":{"line":107,"column":24}},{"start":{"line":107,"column":28},"end":{"line":107,"column":41}}]},"17":{"loc":{"start":{"line":108,"column":21},"end":{"line":108,"column":44}},"type":"binary-expr","locations":[{"start":{"line":108,"column":21},"end":{"line":108,"column":26}},{"start":{"line":108,"column":30},"end":{"line":108,"column":44}}]},"18":{"loc":{"start":{"line":109,"column":21},"end":{"line":109,"column":44}},"type":"binary-expr","locations":[{"start":{"line":109,"column":21},"end":{"line":109,"column":26}},{"start":{"line":109,"column":30},"end":{"line":109,"column":44}}]},"19":{"loc":{"start":{"line":110,"column":21},"end":{"line":110,"column":44}},"type":"binary-expr","locations":[{"start":{"line":110,"column":21},"end":{"line":110,"column":26}},{"start":{"line":110,"column":30},"end":{"line":110,"column":44}}]},"20":{"loc":{"start":{"line":111,"column":26},"end":{"line":111,"column":59}},"type":"binary-expr","locations":[{"start":{"line":111,"column":26},"end":{"line":111,"column":36}},{"start":{"line":111,"column":40},"end":{"line":111,"column":59}}]},"21":{"loc":{"start":{"line":112,"column":20},"end":{"line":112,"column":55}},"type":"cond-expr","locations":[{"start":{"line":112,"column":27},"end":{"line":112,"column":39}},{"start":{"line":112,"column":42},"end":{"line":112,"column":55}}]},"22":{"loc":{"start":{"line":113,"column":21},"end":{"line":113,"column":59}},"type":"cond-expr","locations":[{"start":{"line":113,"column":29},"end":{"line":113,"column":42}},{"start":{"line":113,"column":45},"end":{"line":113,"column":59}}]},"23":{"loc":{"start":{"line":115,"column":4},"end":{"line":126,"column":5}},"type":"if","locations":[{"start":{"line":115,"column":4},"end":{"line":126,"column":5}},{"start":{"line":124,"column":11},"end":{"line":126,"column":5}}]},"24":{"loc":{"start":{"line":124,"column":11},"end":{"line":126,"column":5}},"type":"if","locations":[{"start":{"line":124,"column":11},"end":{"line":126,"column":5}},{"start":{},"end":{}}]},"25":{"loc":{"start":{"line":143,"column":4},"end":{"line":143,"column":66}},"type":"if","locations":[{"start":{"line":143,"column":4},"end":{"line":143,"column":66}},{"start":{},"end":{}}]},"26":{"loc":{"start":{"line":160,"column":4},"end":{"line":162,"column":5}},"type":"if","locations":[{"start":{"line":160,"column":4},"end":{"line":162,"column":5}},{"start":{},"end":{}}]},"27":{"loc":{"start":{"line":160,"column":8},"end":{"line":160,"column":24}},"type":"binary-expr","locations":[{"start":{"line":160,"column":8},"end":{"line":160,"column":14}},{"start":{"line":160,"column":18},"end":{"line":160,"column":24}}]}},"s":{"0":1,"1":1,"2":1,"3":1,"4":1,"5":13,"6":1,"7":4,"8":4,"9":4,"10":4,"11":4,"12":2,"13":4,"14":4,"15":3,"16":4,"17":4,"18":3,"19":3,"20":1,"21":1,"22":1,"23":1,"24":3,"25":3,"26":3,"27":3,"28":1,"29":3,"30":1,"31":3,"32":1,"33":3,"34":1,"35":3,"36":1,"37":3,"38":1,"39":3,"40":3,"41":0,"42":3,"43":3,"44":1,"45":1,"46":3,"47":3,"48":3,"49":3,"50":3,"51":2,"52":1,"53":0,"54":0,"55":1,"56":1,"57":4,"58":4,"59":4,"60":4,"61":4,"62":1,"63":3,"64":3,"65":3,"66":1,"67":3,"68":1,"69":2,"70":1,"71":3,"72":3,"73":3,"74":3,"75":3,"76":3,"77":3,"78":3,"79":3,"80":1,"81":2,"82":1,"83":3,"84":3,"85":0,"86":0,"87":1,"88":1,"89":2,"90":2,"91":2,"92":2,"93":2,"94":1,"95":1,"96":1,"97":0,"98":0,"99":1,"100":1,"101":3,"102":3,"103":3,"104":1,"105":2,"106":1,"107":1,"108":1,"109":1},"f":{"0":13,"1":4,"2":2,"3":3,"4":3,"5":4,"6":2,"7":2,"8":3},"b":{"0":[4,0],"1":[3,1],"2":[2,1],"3":[3,1],"4":[3,1],"5":[1,2],"6":[1,2],"7":[1,2],"8":[1,2],"9":[1,2],"10":[1,2],"11":[2,1],"12":[1,3],"13":[1,2],"14":[1,2],"15":[3,3],"16":[3,2],"17":[3,0],"18":[3,0],"19":[3,2],"20":[3,3],"21":[0,3],"22":[0,3],"23":[1,2],"24":[1,1],"25":[1,1],"26":[1,2],"27":[3,2]}}
,"D:\\PROJECTS\\MERN\\Vehicle_Sales_Management_System\\9\\backend\\src\\entities\\User.ts": {"path":"D:\\PROJECTS\\MERN\\Vehicle_Sales_Management_System\\9\\backend\\src\\entities\\User.ts","statementMap":{"0":{"start":{"line":1,"column":0},"end":{"line":1,"column":101}},"1":{"start":{"line":4,"column":7},"end":{"line":22,"column":null}},"2":{"start":{"line":4,"column":13},"end":{"line":4,"column":17}},"3":{"start":{"line":6,"column":2},"end":{"line":6,"column":null}},"4":{"start":{"line":9,"column":2},"end":{"line":9,"column":null}},"5":{"start":{"line":12,"column":2},"end":{"line":12,"column":null}},"6":{"start":{"line":15,"column":2},"end":{"line":15,"column":null}},"7":{"start":{"line":18,"column":2},"end":{"line":18,"column":null}},"8":{"start":{"line":21,"column":2},"end":{"line":21,"column":null}},"9":{"start":{"line":4,"column":13},"end":{"line":22,"column":null}}},"fnMap":{},"branchMap":{},"s":{"0":1,"1":1,"2":1,"3":1,"4":1,"5":1,"6":1,"7":1,"8":1,"9":1},"f":{},"b":{}}
,"D:\\PROJECTS\\MERN\\Vehicle_Sales_Management_System\\9\\backend\\src\\entities\\Vehicle.ts": {"path":"D:\\PROJECTS\\MERN\\Vehicle_Sales_Management_System\\9\\backend\\src\\entities\\Vehicle.ts","statementMap":{"0":{"start":{"line":1,"column":0},"end":{"line":1,"column":101}},"1":{"start":{"line":4,"column":7},"end":{"line":40,"column":null}},"2":{"start":{"line":4,"column":13},"end":{"line":4,"column":20}},"3":{"start":{"line":6,"column":2},"end":{"line":6,"column":null}},"4":{"start":{"line":9,"column":2},"end":{"line":9,"column":null}},"5":{"start":{"line":12,"column":2},"end":{"line":12,"column":null}},"6":{"start":{"line":15,"column":2},"end":{"line":15,"column":null}},"7":{"start":{"line":18,"column":2},"end":{"line":18,"column":null}},"8":{"start":{"line":21,"column":2},"end":{"line":21,"column":null}},"9":{"start":{"line":24,"column":2},"end":{"line":24,"column":null}},"10":{"start":{"line":27,"column":2},"end":{"line":27,"column":null}},"11":{"start":{"line":30,"column":2},"end":{"line":30,"column":null}},"12":{"start":{"line":33,"column":2},"end":{"line":33,"column":null}},"13":{"start":{"line":36,"column":2},"end":{"line":36,"column":null}},"14":{"start":{"line":39,"column":2},"end":{"line":39,"column":null}},"15":{"start":{"line":4,"column":13},"end":{"line":40,"column":null}}},"fnMap":{},"branchMap":{},"s":{"0":1,"1":1,"2":1,"3":1,"4":1,"5":1,"6":1,"7":1,"8":1,"9":1,"10":1,"11":1,"12":1,"13":1,"14":1,"15":1},"f":{},"b":{}}
,"D:\\PROJECTS\\MERN\\Vehicle_Sales_Management_System\\9\\backend\\src\\middleware\\auth.ts": {"path":"D:\\PROJECTS\\MERN\\Vehicle_Sales_Management_System\\9\\backend\\src\\middleware\\auth.ts","statementMap":{"0":{"start":{"line":10,"column":0},"end":{"line":10,"column":16}},"1":{"start":{"line":2,"column":0},"end":{"line":2,"column":31}},"2":{"start":{"line":3,"column":0},"end":{"line":3,"column":28}},"3":{"start":{"line":4,"column":0},"end":{"line":4,"column":16}},"4":{"start":{"line":11,"column":21},"end":{"line":11,"column":46}},"5":{"start":{"line":12,"column":2},"end":{"line":12,"column":72}},"6":{"start":{"line":12,"column":19},"end":{"line":12,"column":72}},"7":{"start":{"line":14,"column":16},"end":{"line":14,"column":40}},"8":{"start":{"line":15,"column":2},"end":{"line":15,"column":79}},"9":{"start":{"line":15,"column":14},"end":{"line":15,"column":79}},"10":{"start":{"line":17,"column":2},"end":{"line":24,"column":3}},"11":{"start":{"line":18,"column":19},"end":{"line":18,"column":53}},"12":{"start":{"line":19,"column":20},"end":{"line":19,"column":45}},"13":{"start":{"line":20,"column":4},"end":{"line":20,"column":23}},"14":{"start":{"line":21,"column":4},"end":{"line":21,"column":11}},"15":{"start":{"line":23,"column":4},"end":{"line":23,"column":62}}},"fnMap":{"0":{"name":"authMiddleware","decl":{"start":{"line":10,"column":16},"end":{"line":10,"column":30}},"loc":{"start":{"line":10,"column":82},"end":{"line":25,"column":1}}}},"branchMap":{"0":{"loc":{"start":{"line":12,"column":2},"end":{"line":12,"column":72}},"type":"if","locations":[{"start":{"line":12,"column":2},"end":{"line":12,"column":72}},{"start":{},"end":{}}]},"1":{"loc":{"start":{"line":15,"column":2},"end":{"line":15,"column":79}},"type":"if","locations":[{"start":{"line":15,"column":2},"end":{"line":15,"column":79}},{"start":{},"end":{}}]},"2":{"loc":{"start":{"line":18,"column":19},"end":{"line":18,"column":53}},"type":"binary-expr","locations":[{"start":{"line":18,"column":19},"end":{"line":18,"column":41}},{"start":{"line":18,"column":45},"end":{"line":18,"column":53}}]}},"s":{"0":0,"1":0,"2":0,"3":0,"4":0,"5":0,"6":0,"7":0,"8":0,"9":0,"10":0,"11":0,"12":0,"13":0,"14":0,"15":0},"f":{"0":0},"b":{"0":[0,0],"1":[0,0],"2":[0,0]}}
,"D:\\PROJECTS\\MERN\\Vehicle_Sales_Management_System\\9\\backend\\src\\routes\\analytics.ts": {"path":"D:\\PROJECTS\\MERN\\Vehicle_Sales_Management_System\\9\\backend\\src\\routes\\analytics.ts","statementMap":{"0":{"start":{"line":1,"column":0},"end":{"line":1,"column":33}},"1":{"start":{"line":3,"column":0},"end":{"line":3,"column":null}},"2":{"start":{"line":10,"column":15},"end":{"line":10,"column":23}},"3":{"start":{"line":12,"column":0},"end":{"line":12,"column":46}},"4":{"start":{"line":13,"column":0},"end":{"line":13,"column":45}},"5":{"start":{"line":14,"column":0},"end":{"line":14,"column":43}},"6":{"start":{"line":15,"column":0},"end":{"line":15,"column":56}},"7":{"start":{"line":17,"column":0},"end":{"line":17,"column":22}}},"fnMap":{},"branchMap":{},"s":{"0":0,"1":0,"2":0,"3":0,"4":0,"5":0,"6":0,"7":0},"f":{},"b":{}}
,"D:\\PROJECTS\\MERN\\Vehicle_Sales_Management_System\\9\\backend\\src\\routes\\auth.ts": {"path":"D:\\PROJECTS\\MERN\\Vehicle_Sales_Management_System\\9\\backend\\src\\routes\\auth.ts","statementMap":{"0":{"start":{"line":1,"column":0},"end":{"line":1,"column":33}},"1":{"start":{"line":2,"column":0},"end":{"line":2,"column":54}},"2":{"start":{"line":4,"column":15},"end":{"line":4,"column":23}},"3":{"start":{"line":6,"column":0},"end":{"line":6,"column":29}},"4":{"start":{"line":8,"column":0},"end":{"line":8,"column":22}}},"fnMap":{},"branchMap":{},"s":{"0":0,"1":0,"2":0,"3":0,"4":0},"f":{},"b":{}}
,"D:\\PROJECTS\\MERN\\Vehicle_Sales_Management_System\\9\\backend\\src\\routes\\vehicles.ts": {"path":"D:\\PROJECTS\\MERN\\Vehicle_Sales_Management_System\\9\\backend\\src\\routes\\vehicles.ts","statementMap":{"0":{"start":{"line":1,"column":0},"end":{"line":1,"column":33}},"1":{"start":{"line":2,"column":0},"end":{"line":2,"column":52}},"2":{"start":{"line":3,"column":0},"end":{"line":3,"column":41}},"3":{"start":{"line":4,"column":0},"end":{"line":4,"column":null}},"4":{"start":{"line":13,"column":15},"end":{"line":13,"column":23}},"5":{"start":{"line":16,"column":0},"end":{"line":16,"column":75}},"6":{"start":{"line":17,"column":0},"end":{"line":17,"column":29}},"7":{"start":{"line":18,"column":0},"end":{"line":18,"column":35}},"8":{"start":{"line":19,"column":0},"end":{"line":19,"column":77}},"9":{"start":{"line":20,"column":0},"end":{"line":20,"column":53}},"10":{"start":{"line":21,"column":0},"end":{"line":21,"column":65}},"11":{"start":{"line":23,"column":0},"end":{"line":23,"column":22}}},"fnMap":{},"branchMap":{},"s":{"0":0,"1":0,"2":0,"3":0,"4":0,"5":0,"6":0,"7":0,"8":0,"9":0,"10":0,"11":0},"f":{},"b":{}}
,"D:\\PROJECTS\\MERN\\Vehicle_Sales_Management_System\\9\\backend\\src\\services\\openaiService.ts": {"path":"D:\\PROJECTS\\MERN\\Vehicle_Sales_Management_System\\9\\backend\\src\\services\\openaiService.ts","statementMap":{"0":{"start":{"line":8,"column":0},"end":{"line":8,"column":7}},"1":{"start":{"line":1,"column":0},"end":{"line":1,"column":28}},"2":{"start":{"line":2,"column":0},"end":{"line":2,"column":16}},"3":{"start":{"line":3,"column":0},"end":{"line":3,"column":31}},"4":{"start":{"line":5,"column":19},"end":{"line":5,"column":45}},"5":{"start":{"line":23,"column":19},"end":{"line":23,"column":284}},"6":{"start":{"line":25,"column":4},"end":{"line":28,"column":5}},"7":{"start":{"line":27,"column":8},"end":{"line":27,"column":170}},"8":{"start":{"line":31,"column":17},"end":{"line":43,"column":6}},"9":{"start":{"line":45,"column":18},"end":{"line":45,"column":35}},"10":{"start":{"line":46,"column":17},"end":{"line":46,"column":52}},"11":{"start":{"line":47,"column":4},"end":{"line":47,"column":26}}},"fnMap":{"0":{"name":"generateDescription","decl":{"start":{"line":8,"column":22},"end":{"line":8,"column":41}},"loc":{"start":{"line":15,"column":1},"end":{"line":49,"column":1}}}},"branchMap":{"0":{"loc":{"start":{"line":23,"column":87},"end":{"line":23,"column":105}},"type":"binary-expr","locations":[{"start":{"line":23,"column":87},"end":{"line":23,"column":99}},{"start":{"line":23,"column":103},"end":{"line":23,"column":105}}]},"1":{"loc":{"start":{"line":23,"column":143},"end":{"line":23,"column":161}},"type":"binary-expr","locations":[{"start":{"line":23,"column":143},"end":{"line":23,"column":155}},{"start":{"line":23,"column":159},"end":{"line":23,"column":161}}]},"2":{"loc":{"start":{"line":23,"column":181},"end":{"line":23,"column":203}},"type":"binary-expr","locations":[{"start":{"line":23,"column":181},"end":{"line":23,"column":194}},{"start":{"line":23,"column":198},"end":{"line":23,"column":203}}]},"3":{"loc":{"start":{"line":23,"column":219},"end":{"line":23,"column":246}},"type":"binary-expr","locations":[{"start":{"line":23,"column":219},"end":{"line":23,"column":237}},{"start":{"line":23,"column":241},"end":{"line":23,"column":246}}]},"4":{"loc":{"start":{"line":25,"column":4},"end":{"line":28,"column":5}},"type":"if","locations":[{"start":{"line":25,"column":4},"end":{"line":28,"column":5}},{"start":{},"end":{}}]},"5":{"loc":{"start":{"line":27,"column":55},"end":{"line":27,"column":81}},"type":"binary-expr","locations":[{"start":{"line":27,"column":55},"end":{"line":27,"column":67}},{"start":{"line":27,"column":71},"end":{"line":27,"column":81}}]},"6":{"loc":{"start":{"line":27,"column":91},"end":{"line":27,"column":125}},"type":"binary-expr","locations":[{"start":{"line":27,"column":91},"end":{"line":27,"column":109}},{"start":{"line":27,"column":113},"end":{"line":27,"column":125}}]},"7":{"loc":{"start":{"line":47,"column":11},"end":{"line":47,"column":25}},"type":"binary-expr","locations":[{"start":{"line":47,"column":11},"end":{"line":47,"column":15}},{"start":{"line":47,"column":19},"end":{"line":47,"column":25}}]}},"s":{"0":0,"1":0,"2":0,"3":0,"4":0,"5":0,"6":0,"7":0,"8":0,"9":0,"10":0,"11":0},"f":{"0":0},"b":{"0":[0,0],"1":[0,0],"2":[0,0],"3":[0,0],"4":[0,0],"5":[0,0],"6":[0,0],"7":[0,0]}}
,"D:\\PROJECTS\\MERN\\Vehicle_Sales_Management_System\\9\\backend\\src\\utils\\multer.ts": {"path":"D:\\PROJECTS\\MERN\\Vehicle_Sales_Management_System\\9\\backend\\src\\utils\\multer.ts","statementMap":{"0":{"start":{"line":1,"column":0},"end":{"line":1,"column":52}},"1":{"start":{"line":2,"column":0},"end":{"line":2,"column":24}},"2":{"start":{"line":3,"column":0},"end":{"line":3,"column":20}},"3":{"start":{"line":6,"column":18},"end":{"line":6,"column":55}},"4":{"start":{"line":7,"column":0},"end":{"line":9,"column":1}},"5":{"start":{"line":8,"column":2},"end":{"line":8,"column":47}},"6":{"start":{"line":11,"column":16},"end":{"line":20,"column":2}},"7":{"start":{"line":13,"column":4},"end":{"line":13,"column":24}},"8":{"start":{"line":16,"column":19},"end":{"line":16,"column":69}},"9":{"start":{"line":17,"column":16},"end":{"line":17,"column":47}},"10":{"start":{"line":18,"column":4},"end":{"line":18,"column":32}},"11":{"start":{"line":22,"column":13},"end":{"line":22,"column":42}}},"fnMap":{"0":{"name":"(anonymous_1)","decl":{"start":{"line":12,"column":15},"end":{"line":12,"column":16}},"loc":{"start":{"line":12,"column":117},"end":{"line":14,"column":3}}},"1":{"name":"(anonymous_2)","decl":{"start":{"line":15,"column":12},"end":{"line":15,"column":13}},"loc":{"start":{"line":15,"column":110},"end":{"line":19,"column":3}}}},"branchMap":{"0":{"loc":{"start":{"line":7,"column":0},"end":{"line":9,"column":1}},"type":"if","locations":[{"start":{"line":7,"column":0},"end":{"line":9,"column":1}},{"start":{},"end":{}}]}},"s":{"0":0,"1":0,"2":0,"3":0,"4":0,"5":0,"6":0,"7":0,"8":0,"9":0,"10":0,"11":0},"f":{"0":0,"1":0},"b":{"0":[0,0]}}
}
