TN:
SF:src\index.ts
FN:34,(anonymous_1)
FN:35,(anonymous_2)
FN:39,(anonymous_3)
FNF:3
FNH:0
FNDA:0,(anonymous_1)
FNDA:0,(anonymous_2)
FNDA:0,(anonymous_3)
DA:1,0
DA:2,0
DA:3,0
DA:4,0
DA:5,0
DA:6,0
DA:7,0
DA:8,0
DA:9,0
DA:11,0
DA:13,0
DA:18,0
DA:20,0
DA:23,0
DA:26,0
DA:27,0
DA:28,0
DA:31,0
DA:33,0
DA:35,0
DA:36,0
DA:40,0
LF:22
LH:0
BRDA:31,0,0,0
BRDA:31,0,1,0
BRF:2
BRH:0
end_of_record
TN:
SF:src\config\data-source.ts
FNF:0
FNH:0
DA:1,0
DA:2,0
DA:3,0
DA:4,0
DA:5,0
DA:6,0
DA:8,0
LF:7
LH:0
BRDA:10,0,0,0
BRDA:10,0,1,0
BRDA:11,1,0,0
BRDA:11,1,1,0
BRDA:12,2,0,0
BRDA:12,2,1,0
BRDA:13,3,0,0
BRDA:13,3,1,0
BRDA:14,4,0,0
BRDA:14,4,1,0
BRF:10
BRH:0
end_of_record
TN:
SF:src\controllers\analyticsController.ts
FN:5,(anonymous_0)
FN:8,(anonymous_1)
FN:40,(anonymous_2)
FN:58,(anonymous_3)
FN:76,(anonymous_4)
FNF:5
FNH:0
FNDA:0,(anonymous_0)
FNDA:0,(anonymous_1)
FNDA:0,(anonymous_2)
FNDA:0,(anonymous_3)
FNDA:0,(anonymous_4)
DA:2,0
DA:3,0
DA:5,0
DA:8,0
DA:9,0
DA:10,0
DA:13,0
DA:15,0
DA:16,0
DA:18,0
DA:19,0
DA:21,0
DA:24,0
DA:32,0
DA:34,0
DA:35,0
DA:40,0
DA:41,0
DA:42,0
DA:50,0
DA:52,0
DA:53,0
DA:58,0
DA:59,0
DA:60,0
DA:68,0
DA:70,0
DA:71,0
DA:76,0
DA:77,0
DA:78,0
DA:87,0
DA:88,0
DA:90,0
DA:91,0
DA:97,0
DA:100,0
DA:102,0
DA:103,0
LF:39
LH:0
BRDA:13,0,0,0
BRDA:13,0,1,0
BRDA:13,0,2,0
BRDA:94,1,0,0
BRDA:94,1,1,0
BRF:5
BRH:0
end_of_record
TN:
SF:src\controllers\authController.ts
FN:9,(anonymous_1)
FN:12,(anonymous_2)
FNF:2
FNH:2
FNDA:6,(anonymous_1)
FNDA:9,(anonymous_2)
DA:2,1
DA:3,1
DA:4,1
DA:5,1
DA:6,1
DA:7,1
DA:9,6
DA:12,1
DA:13,9
DA:14,9
DA:16,9
DA:17,3
DA:20,6
DA:22,5
DA:24,4
DA:26,3
DA:28,2
DA:29,2
DA:35,2
DA:37,2
DA:38,2
LF:21
LH:21
BRDA:16,0,0,3
BRDA:16,0,1,6
BRDA:16,1,0,9
BRDA:16,1,1,7
BRDA:22,2,0,1
BRDA:22,2,1,4
BRDA:26,3,0,1
BRDA:26,3,1,2
BRDA:28,4,0,2
BRDA:28,4,1,1
BRF:10
BRH:10
end_of_record
TN:
SF:src\controllers\vehicleController.ts
FN:8,(anonymous_0)
FN:12,(anonymous_1)
FN:17,(anonymous_2)
FN:47,(anonymous_3)
FN:72,(anonymous_4)
FN:87,(anonymous_5)
FN:102,(anonymous_6)
FN:138,(anonymous_7)
FN:156,(anonymous_8)
FNF:9
FNH:9
FNDA:13,(anonymous_0)
FNDA:4,(anonymous_1)
FNDA:2,(anonymous_2)
FNDA:3,(anonymous_3)
FNDA:3,(anonymous_4)
FNDA:4,(anonymous_5)
FNDA:2,(anonymous_6)
FNDA:2,(anonymous_7)
FNDA:3,(anonymous_8)
DA:2,1
DA:3,1
DA:4,1
DA:5,1
DA:8,13
DA:12,1
DA:13,4
DA:14,4
DA:16,4
DA:17,4
DA:19,4
DA:20,4
DA:21,3
DA:24,4
DA:25,4
DA:37,3
DA:38,3
DA:40,1
DA:41,1
DA:47,1
DA:48,3
DA:49,3
DA:51,3
DA:53,3
DA:54,3
DA:55,3
DA:56,3
DA:57,3
DA:58,3
DA:60,3
DA:62,3
DA:63,0
DA:65,3
DA:66,3
DA:72,1
DA:73,3
DA:74,3
DA:75,3
DA:76,3
DA:77,3
DA:78,1
DA:80,0
DA:81,0
DA:87,1
DA:88,4
DA:89,4
DA:90,4
DA:91,4
DA:92,4
DA:94,3
DA:97,3
DA:98,3
DA:99,1
DA:101,3
DA:102,2
DA:103,1
DA:105,3
DA:107,3
DA:108,3
DA:109,3
DA:110,3
DA:111,3
DA:112,3
DA:113,3
DA:115,3
DA:116,1
DA:124,2
DA:125,1
DA:128,3
DA:129,3
DA:131,0
DA:132,0
DA:138,1
DA:139,2
DA:140,2
DA:141,2
DA:142,2
DA:143,2
DA:144,1
DA:145,1
DA:147,0
DA:148,0
DA:156,1
DA:157,3
DA:158,3
DA:160,3
DA:161,1
DA:164,2
DA:166,1
DA:168,1
DA:169,1
LF:91
LH:84
BRDA:17,0,0,4
BRDA:17,0,1,0
BRDA:20,1,0,3
BRDA:20,1,1,1
BRDA:21,2,0,2
BRDA:21,2,1,1
BRDA:31,3,0,3
BRDA:31,3,1,1
BRDA:32,4,0,3
BRDA:32,4,1,1
BRDA:53,5,0,1
BRDA:53,5,1,2
BRDA:54,6,0,1
BRDA:54,6,1,2
BRDA:55,7,0,1
BRDA:55,7,1,2
BRDA:56,8,0,1
BRDA:56,8,1,2
BRDA:57,9,0,1
BRDA:57,9,1,2
BRDA:58,10,0,1
BRDA:58,10,1,2
BRDA:77,11,0,2
BRDA:77,11,1,1
BRDA:92,12,0,1
BRDA:92,12,1,3
BRDA:98,13,0,1
BRDA:98,13,1,2
BRDA:101,14,0,1
BRDA:101,14,1,2
BRDA:101,15,0,3
BRDA:101,15,1,3
BRDA:107,16,0,3
BRDA:107,16,1,2
BRDA:108,17,0,3
BRDA:108,17,1,0
BRDA:109,18,0,3
BRDA:109,18,1,0
BRDA:110,19,0,3
BRDA:110,19,1,2
BRDA:111,20,0,3
BRDA:111,20,1,3
BRDA:112,21,0,0
BRDA:112,21,1,3
BRDA:113,22,0,0
BRDA:113,22,1,3
BRDA:115,23,0,1
BRDA:115,23,1,2
BRDA:124,24,0,1
BRDA:124,24,1,1
BRDA:143,25,0,1
BRDA:143,25,1,1
BRDA:160,26,0,1
BRDA:160,26,1,2
BRDA:160,27,0,3
BRDA:160,27,1,2
BRF:56
BRH:51
end_of_record
TN:
SF:src\entities\User.ts
FNF:0
FNH:0
DA:1,1
DA:4,1
DA:6,1
DA:9,1
DA:12,1
DA:15,1
DA:18,1
DA:21,1
LF:8
LH:8
BRF:0
BRH:0
end_of_record
TN:
SF:src\entities\Vehicle.ts
FNF:0
FNH:0
DA:1,1
DA:4,1
DA:6,1
DA:9,1
DA:12,1
DA:15,1
DA:18,1
DA:21,1
DA:24,1
DA:27,1
DA:30,1
DA:33,1
DA:36,1
DA:39,1
LF:14
LH:14
BRF:0
BRH:0
end_of_record
TN:
SF:src\middleware\auth.ts
FN:10,authMiddleware
FNF:1
FNH:0
FNDA:0,authMiddleware
DA:2,0
DA:3,0
DA:4,0
DA:10,0
DA:11,0
DA:12,0
DA:14,0
DA:15,0
DA:17,0
DA:18,0
DA:19,0
DA:20,0
DA:21,0
DA:23,0
LF:14
LH:0
BRDA:12,0,0,0
BRDA:12,0,1,0
BRDA:15,1,0,0
BRDA:15,1,1,0
BRDA:18,2,0,0
BRDA:18,2,1,0
BRF:6
BRH:0
end_of_record
TN:
SF:src\routes\analytics.ts
FNF:0
FNH:0
DA:1,0
DA:3,0
DA:10,0
DA:12,0
DA:13,0
DA:14,0
DA:15,0
DA:17,0
LF:8
LH:0
BRF:0
BRH:0
end_of_record
TN:
SF:src\routes\auth.ts
FNF:0
FNH:0
DA:1,0
DA:2,0
DA:4,0
DA:6,0
DA:8,0
LF:5
LH:0
BRF:0
BRH:0
end_of_record
TN:
SF:src\routes\vehicles.ts
FNF:0
FNH:0
DA:1,0
DA:2,0
DA:3,0
DA:4,0
DA:13,0
DA:16,0
DA:17,0
DA:18,0
DA:19,0
DA:20,0
DA:21,0
DA:23,0
LF:12
LH:0
BRF:0
BRH:0
end_of_record
TN:
SF:src\services\openaiService.ts
FN:8,generateDescription
FNF:1
FNH:0
FNDA:0,generateDescription
DA:1,0
DA:2,0
DA:3,0
DA:5,0
DA:8,0
DA:23,0
DA:25,0
DA:27,0
DA:31,0
DA:45,0
DA:46,0
DA:47,0
LF:12
LH:0
BRDA:23,0,0,0
BRDA:23,0,1,0
BRDA:23,1,0,0
BRDA:23,1,1,0
BRDA:23,2,0,0
BRDA:23,2,1,0
BRDA:23,3,0,0
BRDA:23,3,1,0
BRDA:25,4,0,0
BRDA:25,4,1,0
BRDA:27,5,0,0
BRDA:27,5,1,0
BRDA:27,6,0,0
BRDA:27,6,1,0
BRDA:47,7,0,0
BRDA:47,7,1,0
BRF:16
BRH:0
end_of_record
TN:
SF:src\utils\multer.ts
FN:12,(anonymous_1)
FN:15,(anonymous_2)
FNF:2
FNH:0
FNDA:0,(anonymous_1)
FNDA:0,(anonymous_2)
DA:1,0
DA:2,0
DA:3,0
DA:6,0
DA:7,0
DA:8,0
DA:11,0
DA:13,0
DA:16,0
DA:17,0
DA:18,0
DA:22,0
LF:12
LH:0
BRDA:7,0,0,0
BRDA:7,0,1,0
BRF:2
BRH:0
end_of_record
